<?xml version="1.0" encoding="UTF-8"?>
<testsuite xmlns:xsi="http://www.w3.org/2001/XMLSchema-instance" xsi:noNamespaceSchemaLocation="https://maven.apache.org/surefire/maven-surefire-plugin/xsd/surefire-test-report-3.0.xsd" version="3.0" name="com.google.cloud.spanner.watcher.sample.BuildTest" time="2.571" tests="1" errors="0" skipped="0" failures="0">
  <properties>
    <property name="java.specification.version" value="17"/>
    <property name="sun.cpu.isalist" value="amd64"/>
    <property name="sun.jnu.encoding" value="Cp1252"/>
    <property name="java.class.path" value="c:\Users\wmana\spanner-change-watcher\samples\spanner-change-watcher-samples\target\test-classes;c:\Users\wmana\spanner-change-watcher\samples\spanner-change-watcher-samples\target\classes;C:\Users\wmana\.m2\repository\com\google\cloudspannerecosystem\google-cloud-spanner-change-watcher\1.2.1\google-cloud-spanner-change-watcher-1.2.1.jar;C:\Users\wmana\.m2\repository\com\google\cloud\google-cloud-spanner\6.28.0\google-cloud-spanner-6.28.0.jar;C:\Users\wmana\.m2\repository\com\google\cloud\grpc-gcp\1.2.1\grpc-gcp-1.2.1.jar;C:\Users\wmana\.m2\repository\io\grpc\grpc-auth\1.48.0\grpc-auth-1.48.0.jar;C:\Users\wmana\.m2\repository\io\grpc\grpc-core\1.48.0\grpc-core-1.48.0.jar;C:\Users\wmana\.m2\repository\com\google\android\annotations\4.1.1.4\annotations-4.1.1.4.jar;C:\Users\wmana\.m2\repository\org\codehaus\mojo\animal-sniffer-annotations\1.21\animal-sniffer-annotations-1.21.jar;C:\Users\wmana\.m2\repository\io\perfmark\perfmark-api\0.25.0\perfmark-api-0.25.0.jar;C:\Users\wmana\.m2\repository\io\grpc\grpc-netty-shaded\1.48.0\grpc-netty-shaded-1.48.0.jar;C:\Users\wmana\.m2\repository\io\grpc\grpc-protobuf\1.48.0\grpc-protobuf-1.48.0.jar;C:\Users\wmana\.m2\repository\io\grpc\grpc-protobuf-lite\1.48.0\grpc-protobuf-lite-1.48.0.jar;C:\Users\wmana\.m2\repository\io\grpc\grpc-stub\1.48.0\grpc-stub-1.48.0.jar;C:\Users\wmana\.m2\repository\com\google\api\api-common\2.2.1\api-common-2.2.1.jar;C:\Users\wmana\.m2\repository\com\google\protobuf\protobuf-java\3.21.4\protobuf-java-3.21.4.jar;C:\Users\wmana\.m2\repository\com\google\protobuf\protobuf-java-util\3.21.4\protobuf-java-util-3.21.4.jar;C:\Users\wmana\.m2\repository\com\google\j2objc\j2objc-annotations\1.3\j2objc-annotations-1.3.jar;C:\Users\wmana\.m2\repository\com\google\api\grpc\proto-google-common-protos\2.9.2\proto-google-common-protos-2.9.2.jar;C:\Users\wmana\.m2\repository\com\google\api\grpc\grpc-google-common-protos\2.9.2\grpc-google-common-protos-2.9.2.jar;C:\Users\wmana\.m2\repository\com\google\guava\failureaccess\1.0.1\failureaccess-1.0.1.jar;C:\Users\wmana\.m2\repository\com\google\guava\listenablefuture\9999.0-empty-to-avoid-conflict-with-guava\listenablefuture-9999.0-empty-to-avoid-conflict-with-guava.jar;C:\Users\wmana\.m2\repository\org\checkerframework\checker-compat-qual\2.5.5\checker-compat-qual-2.5.5.jar;C:\Users\wmana\.m2\repository\com\google\api\grpc\proto-google-iam-v1\1.5.2\proto-google-iam-v1-1.5.2.jar;C:\Users\wmana\.m2\repository\com\google\cloud\google-cloud-core\2.8.6\google-cloud-core-2.8.6.jar;C:\Users\wmana\.m2\repository\com\google\http-client\google-http-client-gson\1.42.2\google-http-client-gson-1.42.2.jar;C:\Users\wmana\.m2\repository\com\google\cloud\google-cloud-core-grpc\2.8.6\google-cloud-core-grpc-2.8.6.jar;C:\Users\wmana\.m2\repository\io\opencensus\opencensus-api\0.31.1\opencensus-api-0.31.1.jar;C:\Users\wmana\.m2\repository\io\opencensus\opencensus-contrib-grpc-util\0.31.1\opencensus-contrib-grpc-util-0.31.1.jar;C:\Users\wmana\.m2\repository\com\google\auth\google-auth-library-oauth2-http\1.8.1\google-auth-library-oauth2-http-1.8.1.jar;C:\Users\wmana\.m2\repository\com\google\http-client\google-http-client\1.42.2\google-http-client-1.42.2.jar;C:\Users\wmana\.m2\repository\org\apache\httpcomponents\httpclient\4.5.13\httpclient-4.5.13.jar;C:\Users\wmana\.m2\repository\commons-logging\commons-logging\1.2\commons-logging-1.2.jar;C:\Users\wmana\.m2\repository\commons-codec\commons-codec\1.15\commons-codec-1.15.jar;C:\Users\wmana\.m2\repository\org\apache\httpcomponents\httpcore\4.4.15\httpcore-4.4.15.jar;C:\Users\wmana\.m2\repository\io\opencensus\opencensus-contrib-http-util\0.31.1\opencensus-contrib-http-util-0.31.1.jar;C:\Users\wmana\.m2\repository\com\google\api\grpc\proto-google-cloud-spanner-admin-instance-v1\6.28.0\proto-google-cloud-spanner-admin-instance-v1-6.28.0.jar;C:\Users\wmana\.m2\repository\com\google\api\grpc\proto-google-cloud-spanner-v1\6.28.0\proto-google-cloud-spanner-v1-6.28.0.jar;C:\Users\wmana\.m2\repository\com\google\api\grpc\proto-google-cloud-spanner-admin-database-v1\6.28.0\proto-google-cloud-spanner-admin-database-v1-6.28.0.jar;C:\Users\wmana\.m2\repository\com\google\api\grpc\grpc-google-cloud-spanner-admin-instance-v1\6.28.0\grpc-google-cloud-spanner-admin-instance-v1-6.28.0.jar;C:\Users\wmana\.m2\repository\com\google\api\grpc\grpc-google-cloud-spanner-v1\6.28.0\grpc-google-cloud-spanner-v1-6.28.0.jar;C:\Users\wmana\.m2\repository\com\google\api\grpc\grpc-google-cloud-spanner-admin-database-v1\6.28.0\grpc-google-cloud-spanner-admin-database-v1-6.28.0.jar;C:\Users\wmana\.m2\repository\com\google\api\gax\2.18.7\gax-2.18.7.jar;C:\Users\wmana\.m2\repository\com\google\api\gax-grpc\2.18.7\gax-grpc-2.18.7.jar;C:\Users\wmana\.m2\repository\io\grpc\grpc-googleapis\1.48.0\grpc-googleapis-1.48.0.jar;C:\Users\wmana\.m2\repository\io\grpc\grpc-xds\1.48.0\grpc-xds-1.48.0.jar;C:\Users\wmana\.m2\repository\io\grpc\grpc-services\1.48.0\grpc-services-1.48.0.jar;C:\Users\wmana\.m2\repository\com\google\re2j\re2j\1.6\re2j-1.6.jar;C:\Users\wmana\.m2\repository\io\opencensus\opencensus-proto\0.2.0\opencensus-proto-0.2.0.jar;C:\Users\wmana\.m2\repository\com\google\api\gax-httpjson\0.103.7\gax-httpjson-0.103.7.jar;C:\Users\wmana\.m2\repository\org\threeten\threetenbp\1.6.0\threetenbp-1.6.0.jar;C:\Users\wmana\.m2\repository\com\google\code\gson\gson\2.9.1\gson-2.9.1.jar;C:\Users\wmana\.m2\repository\com\google\auth\google-auth-library-credentials\1.8.1\google-auth-library-credentials-1.8.1.jar;C:\Users\wmana\.m2\repository\io\grpc\grpc-alts\1.48.0\grpc-alts-1.48.0.jar;C:\Users\wmana\.m2\repository\io\grpc\grpc-grpclb\1.48.0\grpc-grpclb-1.48.0.jar;C:\Users\wmana\.m2\repository\javax\annotation\javax.annotation-api\1.3.2\javax.annotation-api-1.3.2.jar;C:\Users\wmana\.m2\repository\io\grpc\grpc-api\1.48.0\grpc-api-1.48.0.jar;C:\Users\wmana\.m2\repository\io\grpc\grpc-context\1.48.0\grpc-context-1.48.0.jar;C:\Users\wmana\.m2\repository\com\google\code\findbugs\jsr305\3.0.2\jsr305-3.0.2.jar;C:\Users\wmana\.m2\repository\com\google\errorprone\error_prone_annotations\2.14.0\error_prone_annotations-2.14.0.jar;C:\Users\wmana\.m2\repository\com\google\guava\guava\31.1-jre\guava-31.1-jre.jar;C:\Users\wmana\.m2\repository\com\github\pcj\google-options\1.0.0\google-options-1.0.0.jar;C:\Users\wmana\.m2\repository\com\google\cloudspannerecosystem\google-cloud-spanner-change-watcher\1.2.1\google-cloud-spanner-change-watcher-1.2.1-tests.jar;C:\Users\wmana\.m2\repository\junit\junit\4.13.1\junit-4.13.1.jar;C:\Users\wmana\.m2\repository\org\hamcrest\hamcrest-core\1.3\hamcrest-core-1.3.jar;C:\Users\wmana\.m2\repository\com\google\truth\truth\1.1.3\truth-1.1.3.jar;C:\Users\wmana\.m2\repository\org\checkerframework\checker-qual\3.13.0\checker-qual-3.13.0.jar;C:\Users\wmana\.m2\repository\com\google\auto\value\auto-value-annotations\1.9\auto-value-annotations-1.9.jar;C:\Users\wmana\.m2\repository\org\ow2\asm\asm\9.1\asm-9.1.jar;C:\Users\wmana\.m2\repository\org\mockito\mockito-core\3.3.3\mockito-core-3.3.3.jar;C:\Users\wmana\.m2\repository\net\bytebuddy\byte-buddy\1.10.5\byte-buddy-1.10.5.jar;C:\Users\wmana\.m2\repository\net\bytebuddy\byte-buddy-agent\1.10.5\byte-buddy-agent-1.10.5.jar;C:\Users\wmana\.m2\repository\org\objenesis\objenesis\2.6\objenesis-2.6.jar;"/>
    <property name="java.vm.vendor" value="Eclipse Adoptium"/>
    <property name="sun.arch.data.model" value="64"/>
    <property name="user.variant" value=""/>
    <property name="java.vendor.url" value="https://adoptium.net/"/>
    <property name="user.timezone" value="Europe/London"/>
    <property name="os.name" value="Windows 11"/>
    <property name="java.vm.specification.version" value="17"/>
    <property name="sun.java.launcher" value="SUN_STANDARD"/>
    <property name="user.country" value="GB"/>
    <property name="sun.boot.library.path" value="C:\Program Files\Eclipse Adoptium\jdk-17.0.3.7-hotspot\bin"/>
    <property name="sun.java.command" value="C:\Users\wmana\AppData\Local\Temp\surefire9176179249661161768\surefirebooter1044712681391746246.jar C:\Users\wmana\AppData\Local\Temp\surefire9176179249661161768 2022-10-07T15-08-24_516-jvmRun1 surefire15767676841757380419tmp surefire_08910037104910746072tmp"/>
    <property name="jdk.debug" value="release"/>
    <property name="surefire.test.class.path" value="c:\Users\wmana\spanner-change-watcher\samples\spanner-change-watcher-samples\target\test-classes;c:\Users\wmana\spanner-change-watcher\samples\spanner-change-watcher-samples\target\classes;C:\Users\wmana\.m2\repository\com\google\cloudspannerecosystem\google-cloud-spanner-change-watcher\1.2.1\google-cloud-spanner-change-watcher-1.2.1.jar;C:\Users\wmana\.m2\repository\com\google\cloud\google-cloud-spanner\6.28.0\google-cloud-spanner-6.28.0.jar;C:\Users\wmana\.m2\repository\com\google\cloud\grpc-gcp\1.2.1\grpc-gcp-1.2.1.jar;C:\Users\wmana\.m2\repository\io\grpc\grpc-auth\1.48.0\grpc-auth-1.48.0.jar;C:\Users\wmana\.m2\repository\io\grpc\grpc-core\1.48.0\grpc-core-1.48.0.jar;C:\Users\wmana\.m2\repository\com\google\android\annotations\4.1.1.4\annotations-4.1.1.4.jar;C:\Users\wmana\.m2\repository\org\codehaus\mojo\animal-sniffer-annotations\1.21\animal-sniffer-annotations-1.21.jar;C:\Users\wmana\.m2\repository\io\perfmark\perfmark-api\0.25.0\perfmark-api-0.25.0.jar;C:\Users\wmana\.m2\repository\io\grpc\grpc-netty-shaded\1.48.0\grpc-netty-shaded-1.48.0.jar;C:\Users\wmana\.m2\repository\io\grpc\grpc-protobuf\1.48.0\grpc-protobuf-1.48.0.jar;C:\Users\wmana\.m2\repository\io\grpc\grpc-protobuf-lite\1.48.0\grpc-protobuf-lite-1.48.0.jar;C:\Users\wmana\.m2\repository\io\grpc\grpc-stub\1.48.0\grpc-stub-1.48.0.jar;C:\Users\wmana\.m2\repository\com\google\api\api-common\2.2.1\api-common-2.2.1.jar;C:\Users\wmana\.m2\repository\com\google\protobuf\protobuf-java\3.21.4\protobuf-java-3.21.4.jar;C:\Users\wmana\.m2\repository\com\google\protobuf\protobuf-java-util\3.21.4\protobuf-java-util-3.21.4.jar;C:\Users\wmana\.m2\repository\com\google\j2objc\j2objc-annotations\1.3\j2objc-annotations-1.3.jar;C:\Users\wmana\.m2\repository\com\google\api\grpc\proto-google-common-protos\2.9.2\proto-google-common-protos-2.9.2.jar;C:\Users\wmana\.m2\repository\com\google\api\grpc\grpc-google-common-protos\2.9.2\grpc-google-common-protos-2.9.2.jar;C:\Users\wmana\.m2\repository\com\google\guava\failureaccess\1.0.1\failureaccess-1.0.1.jar;C:\Users\wmana\.m2\repository\com\google\guava\listenablefuture\9999.0-empty-to-avoid-conflict-with-guava\listenablefuture-9999.0-empty-to-avoid-conflict-with-guava.jar;C:\Users\wmana\.m2\repository\org\checkerframework\checker-compat-qual\2.5.5\checker-compat-qual-2.5.5.jar;C:\Users\wmana\.m2\repository\com\google\api\grpc\proto-google-iam-v1\1.5.2\proto-google-iam-v1-1.5.2.jar;C:\Users\wmana\.m2\repository\com\google\cloud\google-cloud-core\2.8.6\google-cloud-core-2.8.6.jar;C:\Users\wmana\.m2\repository\com\google\http-client\google-http-client-gson\1.42.2\google-http-client-gson-1.42.2.jar;C:\Users\wmana\.m2\repository\com\google\cloud\google-cloud-core-grpc\2.8.6\google-cloud-core-grpc-2.8.6.jar;C:\Users\wmana\.m2\repository\io\opencensus\opencensus-api\0.31.1\opencensus-api-0.31.1.jar;C:\Users\wmana\.m2\repository\io\opencensus\opencensus-contrib-grpc-util\0.31.1\opencensus-contrib-grpc-util-0.31.1.jar;C:\Users\wmana\.m2\repository\com\google\auth\google-auth-library-oauth2-http\1.8.1\google-auth-library-oauth2-http-1.8.1.jar;C:\Users\wmana\.m2\repository\com\google\http-client\google-http-client\1.42.2\google-http-client-1.42.2.jar;C:\Users\wmana\.m2\repository\org\apache\httpcomponents\httpclient\4.5.13\httpclient-4.5.13.jar;C:\Users\wmana\.m2\repository\commons-logging\commons-logging\1.2\commons-logging-1.2.jar;C:\Users\wmana\.m2\repository\commons-codec\commons-codec\1.15\commons-codec-1.15.jar;C:\Users\wmana\.m2\repository\org\apache\httpcomponents\httpcore\4.4.15\httpcore-4.4.15.jar;C:\Users\wmana\.m2\repository\io\opencensus\opencensus-contrib-http-util\0.31.1\opencensus-contrib-http-util-0.31.1.jar;C:\Users\wmana\.m2\repository\com\google\api\grpc\proto-google-cloud-spanner-admin-instance-v1\6.28.0\proto-google-cloud-spanner-admin-instance-v1-6.28.0.jar;C:\Users\wmana\.m2\repository\com\google\api\grpc\proto-google-cloud-spanner-v1\6.28.0\proto-google-cloud-spanner-v1-6.28.0.jar;C:\Users\wmana\.m2\repository\com\google\api\grpc\proto-google-cloud-spanner-admin-database-v1\6.28.0\proto-google-cloud-spanner-admin-database-v1-6.28.0.jar;C:\Users\wmana\.m2\repository\com\google\api\grpc\grpc-google-cloud-spanner-admin-instance-v1\6.28.0\grpc-google-cloud-spanner-admin-instance-v1-6.28.0.jar;C:\Users\wmana\.m2\repository\com\google\api\grpc\grpc-google-cloud-spanner-v1\6.28.0\grpc-google-cloud-spanner-v1-6.28.0.jar;C:\Users\wmana\.m2\repository\com\google\api\grpc\grpc-google-cloud-spanner-admin-database-v1\6.28.0\grpc-google-cloud-spanner-admin-database-v1-6.28.0.jar;C:\Users\wmana\.m2\repository\com\google\api\gax\2.18.7\gax-2.18.7.jar;C:\Users\wmana\.m2\repository\com\google\api\gax-grpc\2.18.7\gax-grpc-2.18.7.jar;C:\Users\wmana\.m2\repository\io\grpc\grpc-googleapis\1.48.0\grpc-googleapis-1.48.0.jar;C:\Users\wmana\.m2\repository\io\grpc\grpc-xds\1.48.0\grpc-xds-1.48.0.jar;C:\Users\wmana\.m2\repository\io\grpc\grpc-services\1.48.0\grpc-services-1.48.0.jar;C:\Users\wmana\.m2\repository\com\google\re2j\re2j\1.6\re2j-1.6.jar;C:\Users\wmana\.m2\repository\io\opencensus\opencensus-proto\0.2.0\opencensus-proto-0.2.0.jar;C:\Users\wmana\.m2\repository\com\google\api\gax-httpjson\0.103.7\gax-httpjson-0.103.7.jar;C:\Users\wmana\.m2\repository\org\threeten\threetenbp\1.6.0\threetenbp-1.6.0.jar;C:\Users\wmana\.m2\repository\com\google\code\gson\gson\2.9.1\gson-2.9.1.jar;C:\Users\wmana\.m2\repository\com\google\auth\google-auth-library-credentials\1.8.1\google-auth-library-credentials-1.8.1.jar;C:\Users\wmana\.m2\repository\io\grpc\grpc-alts\1.48.0\grpc-alts-1.48.0.jar;C:\Users\wmana\.m2\repository\io\grpc\grpc-grpclb\1.48.0\grpc-grpclb-1.48.0.jar;C:\Users\wmana\.m2\repository\javax\annotation\javax.annotation-api\1.3.2\javax.annotation-api-1.3.2.jar;C:\Users\wmana\.m2\repository\io\grpc\grpc-api\1.48.0\grpc-api-1.48.0.jar;C:\Users\wmana\.m2\repository\io\grpc\grpc-context\1.48.0\grpc-context-1.48.0.jar;C:\Users\wmana\.m2\repository\com\google\code\findbugs\jsr305\3.0.2\jsr305-3.0.2.jar;C:\Users\wmana\.m2\repository\com\google\errorprone\error_prone_annotations\2.14.0\error_prone_annotations-2.14.0.jar;C:\Users\wmana\.m2\repository\com\google\guava\guava\31.1-jre\guava-31.1-jre.jar;C:\Users\wmana\.m2\repository\com\github\pcj\google-options\1.0.0\google-options-1.0.0.jar;C:\Users\wmana\.m2\repository\com\google\cloudspannerecosystem\google-cloud-spanner-change-watcher\1.2.1\google-cloud-spanner-change-watcher-1.2.1-tests.jar;C:\Users\wmana\.m2\repository\junit\junit\4.13.1\junit-4.13.1.jar;C:\Users\wmana\.m2\repository\org\hamcrest\hamcrest-core\1.3\hamcrest-core-1.3.jar;C:\Users\wmana\.m2\repository\com\google\truth\truth\1.1.3\truth-1.1.3.jar;C:\Users\wmana\.m2\repository\org\checkerframework\checker-qual\3.13.0\checker-qual-3.13.0.jar;C:\Users\wmana\.m2\repository\com\google\auto\value\auto-value-annotations\1.9\auto-value-annotations-1.9.jar;C:\Users\wmana\.m2\repository\org\ow2\asm\asm\9.1\asm-9.1.jar;C:\Users\wmana\.m2\repository\org\mockito\mockito-core\3.3.3\mockito-core-3.3.3.jar;C:\Users\wmana\.m2\repository\net\bytebuddy\byte-buddy\1.10.5\byte-buddy-1.10.5.jar;C:\Users\wmana\.m2\repository\net\bytebuddy\byte-buddy-agent\1.10.5\byte-buddy-agent-1.10.5.jar;C:\Users\wmana\.m2\repository\org\objenesis\objenesis\2.6\objenesis-2.6.jar;"/>
    <property name="sun.cpu.endian" value="little"/>
    <property name="user.home" value="C:\Users\wmana"/>
    <property name="user.language" value="en"/>
    <property name="java.specification.vendor" value="Oracle Corporation"/>
    <property name="java.version.date" value="2022-04-19"/>
    <property name="java.home" value="C:\Program Files\Eclipse Adoptium\jdk-17.0.3.7-hotspot"/>
    <property name="file.separator" value="\"/>
    <property name="basedir" value="c:\Users\wmana\spanner-change-watcher\samples\spanner-change-watcher-samples"/>
    <property name="java.vm.compressedOopsMode" value="32-bit"/>
    <property name="line.separator" value="&#10;"/>
    <property name="java.vm.specification.vendor" value="Oracle Corporation"/>
    <property name="java.specification.name" value="Java Platform API Specification"/>
    <property name="surefire.real.class.path" value="C:\Users\wmana\AppData\Local\Temp\surefire9176179249661161768\surefirebooter1044712681391746246.jar"/>
    <property name="user.script" value=""/>
    <property name="java.util.logging.config.file" value="src/test/resources/logging.properties"/>
    <property name="sun.management.compiler" value="HotSpot 64-Bit Tiered Compilers"/>
    <property name="java.runtime.version" value="17.0.3+7"/>
    <property name="user.name" value="wmana"/>
    <property name="path.separator" value=";"/>
    <property name="os.version" value="10.0"/>
    <property name="java.runtime.name" value="OpenJDK Runtime Environment"/>
    <property name="file.encoding" value="Cp1252"/>
    <property name="java.vm.name" value="OpenJDK 64-Bit Server VM"/>
    <property name="java.vendor.version" value="Temurin-17.0.3+7"/>
    <property name="localRepository" value="C:\Users\wmana\.m2\repository"/>
    <property name="java.vendor.url.bug" value="https://github.com/adoptium/adoptium-support/issues"/>
    <property name="java.io.tmpdir" value="C:\Users\wmana\AppData\Local\Temp\"/>
    <property name="java.version" value="17.0.3"/>
    <property name="user.dir" value="c:\Users\wmana\spanner-change-watcher\samples\spanner-change-watcher-samples"/>
    <property name="os.arch" value="amd64"/>
    <property name="java.vm.specification.name" value="Java Virtual Machine Specification"/>
    <property name="sun.os.patch.level" value=""/>
    <property name="native.encoding" value="Cp1252"/>
    <property name="java.library.path" value="C:\Program Files\Eclipse Adoptium\jdk-17.0.3.7-hotspot\bin;C:\WINDOWS\Sun\Java\bin;C:\WINDOWS\system32;C:\WINDOWS;C:\Program Files\Eclipse Adoptium\jdk-17.0.3.7-hotspot\bin;C:\WINDOWS\system32;C:\WINDOWS;C:\WINDOWS\System32\Wbem;C:\WINDOWS\System32\WindowsPowerShell\v1.0\;C:\WINDOWS\System32\OpenSSH\;C:\Program Files\Docker\Docker\resources\bin;C:\ProgramData\DockerDesktop\version-bin;C:\Program Files\Git\cmd;C:\Program Files\Gradle\gradle-7.5\bin;C:\Users\wmana\.m2\wrapper\dists\apache-maven-3.6.3-bin\1iopthnavndlasol9gbrbg6bf2\apache-maven-3.6.3\bin;C:\Users\wmana\AppData\Local\Microsoft\WindowsApps;C:\Users\wmana\AppData\Local\Google\Cloud SDK\google-cloud-sdk\bin;C:\Users\wmana\AppData\Local\Programs\Microsoft VS Code\bin;C:\Program Files\JetBrains\IntelliJ IDEA Community Edition 2022.1.3\bin;."/>
    <property name="java.vm.info" value="mixed mode, sharing"/>
    <property name="java.vendor" value="Eclipse Adoptium"/>
    <property name="java.vm.version" value="17.0.3+7"/>
    <property name="sun.io.unicode.encoding" value="UnicodeLittle"/>
    <property name="java.class.version" value="61.0"/>
  </properties>
  <testcase name="testCanCreateWatcher" classname="com.google.cloud.spanner.watcher.sample.BuildTest" time="2.256"/>
</testsuite>